Arguments: 
  /Users/evanmarshall/.nvm/versions/node/v16.11.1/bin/node /Users/evanmarshall/.yarn/bin/yarn.js

PATH: 
  /Users/evanmarshall/.yarn/bin:/Users/evanmarshall/.config/yarn/global/node_modules/.bin:/Users/evanmarshall/.cargo/bin:/Users/evanmarshall/.local/share/solana/install/active_release/bin:/opt/anaconda3/condabin:/Users/evanmarshall/.nvm/versions/node/v16.11.1/bin:/Users/evanmarshall/Documents/small-things/fast-ai/exec -l /bin/bash/google-cloud-sdk/bin:/usr/local/bin:/usr/bin:/bin:/usr/sbin:/sbin

Yarn version: 
  1.22.19

Node version: 
  16.11.1

Platform: 
  darwin x64

Trace: 
  SyntaxError: /Users/evanmarshall/Documents/aleo/wallet/leo-wallet-adapter/package.json: Unexpected token < in JSON at position 600
      at JSON.parse (<anonymous>)
      at /Users/evanmarshall/.yarn/lib/cli.js:1629:59
      at Generator.next (<anonymous>)
      at step (/Users/evanmarshall/.yarn/lib/cli.js:310:30)
      at /Users/evanmarshall/.yarn/lib/cli.js:321:13

npm manifest: 
  {
    "name": "leo-wallet-adapter",
    "author": {
      "name": "Demox Labs",
      "email": "support@leo.app"
    },
    "version": "0.0.8",
    "source": "src/index.ts",
    "module": "dist/index.js",
    "types": "dist/index.d.ts",
    "private": false,
    "license": "MIT",
    "repository": {
      "type": "git",
      "url": "git+https://github.com/demox-labs/leo-wallet-adapter.git"
    },
    "bugs": {
      "url": "https://github.com/demox-labs/leo-wallet-adapter/issues"
    },
    "homepage": "https://github.com/demox-labs/leo-wallet-adapter#readme",
    "scripts": {
      "copy-files": "copyfiles -u 1 src/**/*.css dist/",
  <<<<<<< HEAD
      "build": "tsc --module commonjs && microbundle build --jsx React.createElement && yarn copy-files",
      "dev": "microbundle watch --jsx React.createElement",
  =======
      "build": "rm -rf dist && cross-env NODE_ENV=production tsc && yarn copy-files",
      "dev": "cross-env NODE_ENV=development tsc --watch",
  >>>>>>> f1ac767 (Use tsc to build, remove other build tools)
      "prerelease": "npm run build",
      "release": "npm publish",
      "doc": "typedoc --plugin typedoc-plugin-markdown --mode file --readme none"
    },
    "dependencies": {
  <<<<<<< HEAD
      "@types/react": "^18.0.21",
      "@types/react-dom": "^18.0.6",
  =======
      "@demox-labs/aleo-sdk": "^0.3.6",
      "@types/react": "^18.0.21",
      "@types/react-dom": "^18.0.6",
      "cross-env": "^7.0.3",
  >>>>>>> f1ac767 (Use tsc to build, remove other build tools)
      "eventemitter3": "^4.0.7",
      "nanoid": "^3.1.30",
      "react": "^18.2.0",
      "react-dom": "^18.2.0"
    },
    "devDependencies": {
      "copyfiles": "^2.4.1",
      "react-dev-utils": "^12.0.1",
      "typedoc": "^0.17.8",
      "typedoc-plugin-markdown": "^2.3.1",
      "typescript": "^4.3.4"
    },
    "publishConfig": {
      "access": "public"
    }
  }

yarn manifest: 
  No manifest

Lockfile: 
  No lockfile
