Arguments: 
  /opt/homebrew/Cellar/node/18.4.0/bin/node /Users/mikemcgraw/.yarn/bin/yarn.js init

PATH: 
  /Users/mikemcgraw/.yarn/bin:/Users/mikemcgraw/.config/yarn/global/node_modules/.bin:/opt/homebrew/bin:/Users/mikemcgraw/.pyenv/shims:/Users/mikemcgraw/.pyenv/bin:/Users/mikemcgraw/.nvm/versions/node/v17.8.0/bin:/Users/mikemcgraw/Developer/solana/bin:/usr/local/bin:/usr/bin:/bin:/usr/sbin:/sbin:/Users/mikemcgraw/.yarn/bin:/Users/mikemcgraw/.config/yarn/global/node_modules/.bin:/opt/homebrew/bin:/Users/mikemcgraw/.pyenv/bin:/Users/mikemcgraw/.nvm/versions/node/v17.8.0/bin:/Users/mikemcgraw/Developer/solana/bin:/Users/mikemcgraw/.cargo/bin

Yarn version: 
  1.22.19

Node version: 
  18.4.0

Platform: 
  darwin arm64

Trace: 
  Error: canceled
      at Interface.<anonymous> (/Users/mikemcgraw/.yarn/lib/cli.js:137150:13)
      at Interface.emit (node:events:537:28)
      at [_ttyWrite] [as _ttyWrite] (node:internal/readline/interface:1124:18)
      at ReadStream.onkeypress (node:internal/readline/interface:273:20)
      at ReadStream.emit (node:events:537:28)
      at emitKeys (node:internal/readline/utils:358:14)
      at emitKeys.next (<anonymous>)
      at ReadStream.onData (node:internal/readline/emitKeypressEvents:64:36)
      at ReadStream.emit (node:events:537:28)
      at addChunk (node:internal/streams/readable:324:12)

npm manifest: 
  {
    "name": "@demox-labs/aleo-wallet-adapter-react",
    "version": "0.0.1",
    "description": "Core react infrastructure for connecting aleo-compatible wallets to your dApp.",
    "main": "index.js",
    "repository": "https://github.com/demox-labs/aleo-wallet-adapter",
    "author": "Demox Labs",
    "license": "MIT",
    "private": true,
    "scripts": {
      "build": "tsc"
    },
    "dependencies": {
      "@demox-labs/aleo-wallet-adapter-base": "file:../base",
      "react": "^18.2.0"
    }
  }

yarn manifest: 
  No manifest

Lockfile: 
  # THIS IS AN AUTOGENERATED FILE. DO NOT EDIT THIS FILE DIRECTLY.
  # yarn lockfile v1
  
  
  "@demox-labs/aleo-wallet-adapter-base@file:../base":
    version "0.0.1"
    dependencies:
      eventemitter3 "^4.0.7"
  
  eventemitter3@^4.0.7:
    version "4.0.7"
    resolved "https://registry.yarnpkg.com/eventemitter3/-/eventemitter3-4.0.7.tgz#2de9b68f6528d5644ef5c59526a1b4a07306169f"
    integrity sha512-8guHBZCwKnFhYdHr2ysuRWErTwhoN2X8XELRlrRwpmfeY2jjuUN4taQMsULKUVo1K4DvZl+0pgfyoysHxvmvEw==
  
  "js-tokens@^3.0.0 || ^4.0.0":
    version "4.0.0"
    resolved "https://registry.yarnpkg.com/js-tokens/-/js-tokens-4.0.0.tgz#19203fb59991df98e3a287050d4647cdeaf32499"
    integrity sha512-RdJUflcE3cUzKiMqQgsCu06FPu9UdIJO0beYbPhHN4k6apgJtifcoCtT9bcxOpYBtpD2kCM6Sbzg4CausW/PKQ==
  
  loose-envify@^1.1.0:
    version "1.4.0"
    resolved "https://registry.yarnpkg.com/loose-envify/-/loose-envify-1.4.0.tgz#71ee51fa7be4caec1a63839f7e682d8132d30caf"
    integrity sha512-lyuxPGr/Wfhrlem2CL/UcnUc1zcqKAImBDzukY7Y5F/yQiNdko6+fRLevlw1HgMySw7f611UIY408EtxRSoK3Q==
    dependencies:
      js-tokens "^3.0.0 || ^4.0.0"
  
  react@^18.2.0:
    version "18.2.0"
    resolved "https://registry.yarnpkg.com/react/-/react-18.2.0.tgz#555bd98592883255fa00de14f1151a917b5d77d5"
    integrity sha512-/3IjMdb2L9QbBdWiW5e3P2/npwMBaU9mHCSCUzNln0ZCYbcfTsGbTJrU/kGemdH2IWmB2ioZ+zkxtmq6g09fGQ==
    dependencies:
      loose-envify "^1.1.0"
